<?xml version="1.0" encoding="UTF-8"?>
<robot generator="Robot 6.1.1 (Python 3.11.3 on win32)" generated="20230901 13:46:26.103" rpa="false" schemaversion="4">
<suite id="s1" name="Amazon Teste Gherkin Bdd" source="C:\Users\gabuw\Documents\Estudos RPA\projetos\robot-framework-estudos\amazon_teste_gherkin_bdd.robot">
<test id="s1-t1" name="Caso de Teste 04 - Remover Produto do Carrinho" line="34">
<kw name="Abrir o navegador" library="amazon_resources" type="SETUP">
<kw name="Open Browser" library="SeleniumLibrary">
<arg>browser=${BROWSER}</arg>
<arg>options=add_argument("--start-maximized")</arg>
<doc>Opens a new browser instance to the optional ``url``.</doc>
<msg timestamp="20230901 13:46:26.316" level="INFO">Opening browser 'edge' to base url 'None'.</msg>
<msg timestamp="20230901 13:46:26.633" level="WARN">The msedgedriver version (116.0.1938.62) detected in PATH at C:\Users\gabuw\AppData\Local\Programs\Python\Python311\Scripts\msedgedriver.exe might not be compatible with the detected edge version (116.0.1938.62); currently, msedgedriver 116.0.1938.69 is recommended for edge 116.*, so it is advised to delete the driver in PATH and retry</msg>
<status status="PASS" starttime="20230901 13:46:26.316" endtime="20230901 13:46:48.611"/>
</kw>
<status status="PASS" starttime="20230901 13:46:26.316" endtime="20230901 13:46:48.611"/>
</kw>
<kw name="Dado que estou na home page da Amazon.com.br" library="amazon_resources">
<kw name="Acessar a homepage do site Amazon.com.br" library="amazon_resources">
<kw name="Go To" library="SeleniumLibrary">
<arg>url=${URL}</arg>
<doc>Navigates the current browser window to the provided ``url``.</doc>
<msg timestamp="20230901 13:46:48.613" level="INFO">Opening url 'https://www.amazon.com.br/'</msg>
<status status="PASS" starttime="20230901 13:46:48.611" endtime="20230901 13:46:50.049"/>
</kw>
<kw name="Wait Until Element Is Visible" library="SeleniumLibrary">
<arg>${MENU_ELETRONICOS}</arg>
<doc>Waits until the element ``locator`` is visible.</doc>
<status status="PASS" starttime="20230901 13:46:50.050" endtime="20230901 13:46:50.101"/>
</kw>
<status status="PASS" starttime="20230901 13:46:48.611" endtime="20230901 13:46:50.101"/>
</kw>
<status status="PASS" starttime="20230901 13:46:48.611" endtime="20230901 13:46:50.101"/>
</kw>
<kw name="E existe o produto &quot;Console Xbox Series S&quot; no carrinho" library="amazon_resources">
<kw name="Digitar o nome de produto &quot;Xbox Series S&quot; no campo de pesquisa" library="amazon_resources" sourcename="Digitar o nome de produto &quot;${NOME_PRODUTO}&quot; no campo de pesquisa">
<kw name="Input Text" library="SeleniumLibrary">
<arg>locator=${PESQUISA}</arg>
<arg>text=${NOME_PRODUTO}</arg>
<doc>Types the given ``text`` into the text field identified by ``locator``.</doc>
<msg timestamp="20230901 13:46:50.103" level="INFO">Typing text 'Xbox Series S' into text field '//input[contains(@type,'text')]'.</msg>
<status status="PASS" starttime="20230901 13:46:50.102" endtime="20230901 13:46:50.257"/>
</kw>
<status status="PASS" starttime="20230901 13:46:50.102" endtime="20230901 13:46:50.257"/>
</kw>
<kw name="Clicar no botão de pesquisa" library="amazon_resources">
<kw name="Click Element" library="SeleniumLibrary">
<arg>locator=${ICON_SUBMIT}</arg>
<doc>Click the element identified by ``locator``.</doc>
<msg timestamp="20230901 13:46:50.258" level="INFO">Clicking element '//input[contains(@type,'submit')]'.</msg>
<status status="PASS" starttime="20230901 13:46:50.258" endtime="20230901 13:46:50.435"/>
</kw>
<status status="PASS" starttime="20230901 13:46:50.257" endtime="20230901 13:46:50.435"/>
</kw>
<kw name="Verificar o resultado da pesquisa se está listando o produto &quot;Console Xbox Series S&quot;" library="amazon_resources" sourcename="Verificar o resultado da pesquisa se está listando o produto &quot;${NOME_PRODUTO}&quot;">
<kw name="Wait Until Element Is Visible" library="SeleniumLibrary">
<arg>locator=//span[@class='a-size-base-plus a-color-base a-text-normal'][contains(.,'${NOME_PRODUTO}')]</arg>
<doc>Waits until the element ``locator`` is visible.</doc>
<status status="PASS" starttime="20230901 13:46:50.437" endtime="20230901 13:46:51.561"/>
</kw>
<status status="PASS" starttime="20230901 13:46:50.435" endtime="20230901 13:46:51.561"/>
</kw>
<kw name="Adicionar o produto &quot;Console Xbox Series S&quot; no carrinho" library="amazon_resources" sourcename="Adicionar o produto &quot;${NOME_PRODUTO}&quot; no carrinho">
<kw name="Click Element" library="SeleniumLibrary">
<arg>locator=//a[@class='a-link-normal s-underline-text s-underline-link-text s-link-style a-text-normal'][contains(.,'${NOME_PRODUTO}')]</arg>
<doc>Click the element identified by ``locator``.</doc>
<msg timestamp="20230901 13:46:51.562" level="INFO">Clicking element '//a[@class='a-link-normal s-underline-text s-underline-link-text s-link-style a-text-normal'][contains(.,'Console Xbox Series S')]'.</msg>
<status status="PASS" starttime="20230901 13:46:51.562" endtime="20230901 13:46:52.424"/>
</kw>
<kw name="Wait Until Page Contains" library="SeleniumLibrary">
<arg>text=${NOME_PRODUTO}</arg>
<doc>Waits until ``text`` appears on the current page.</doc>
<status status="PASS" starttime="20230901 13:46:52.424" endtime="20230901 13:46:52.857"/>
</kw>
<kw name="Wait Until Element Is Visible" library="SeleniumLibrary">
<arg>locator=${ADICIONAR_CARRINHO}</arg>
<doc>Waits until the element ``locator`` is visible.</doc>
<status status="PASS" starttime="20230901 13:46:52.857" endtime="20230901 13:46:53.650"/>
</kw>
<kw name="Click Element" library="SeleniumLibrary">
<arg>locator=${ADICIONAR_CARRINHO}</arg>
<doc>Click the element identified by ``locator``.</doc>
<msg timestamp="20230901 13:46:53.650" level="INFO">Clicking element '//input[contains(@name,'submit.add-to-cart')]'.</msg>
<status status="PASS" starttime="20230901 13:46:53.650" endtime="20230901 13:46:53.704"/>
</kw>
<status status="PASS" starttime="20230901 13:46:51.561" endtime="20230901 13:46:53.704"/>
</kw>
<kw name="Verificar se o produto &quot;Console Xbox Series S&quot; foi adicionado com sucesso" library="amazon_resources">
<kw name="Go To" library="SeleniumLibrary">
<arg>url=${LINK_CARRINHO}</arg>
<doc>Navigates the current browser window to the provided ``url``.</doc>
<msg timestamp="20230901 13:46:53.704" level="INFO">Opening url 'https://www.amazon.com.br/cart/'</msg>
<status status="PASS" starttime="20230901 13:46:53.704" endtime="20230901 13:46:54.795"/>
</kw>
<kw name="Wait Until Element Is Visible" library="SeleniumLibrary">
<arg>locator=//span[@class='a-truncate-cut'][contains(.,'Console Xbox Series S')]</arg>
<doc>Waits until the element ``locator`` is visible.</doc>
<status status="PASS" starttime="20230901 13:46:54.795" endtime="20230901 13:46:54.814"/>
</kw>
<kw name="Capture Page Screenshot" library="SeleniumLibrary">
<doc>Takes a screenshot of the current page and embeds it into a log file.</doc>
<msg timestamp="20230901 13:46:54.967" level="INFO" html="true">&lt;/td&gt;&lt;/tr&gt;&lt;tr&gt;&lt;td colspan="3"&gt;&lt;a href="selenium-screenshot-2.png"&gt;&lt;img src="selenium-screenshot-2.png" width="800px"&gt;&lt;/a&gt;</msg>
<status status="PASS" starttime="20230901 13:46:54.814" endtime="20230901 13:46:54.967"/>
</kw>
<kw name="Log To Console" library="BuiltIn">
<arg>message=Produto adicionado com sucesso</arg>
<doc>Logs the given message to the console.</doc>
<status status="PASS" starttime="20230901 13:46:54.967" endtime="20230901 13:46:54.968"/>
</kw>
<status status="PASS" starttime="20230901 13:46:53.704" endtime="20230901 13:46:54.968"/>
</kw>
<status status="PASS" starttime="20230901 13:46:50.102" endtime="20230901 13:46:54.968"/>
</kw>
<kw name="Quando remover o produto &quot;Console Xbox Series S&quot; do carrinho" library="amazon_resources">
<kw name="Remover o produto &quot;Console Xbox Series S&quot; do carrinho" library="amazon_resources" sourcename="Remover o produto &quot;${NOME_PRODUTO}&quot; do carrinho">
<kw name="Wait Until Element Is Visible" library="SeleniumLibrary">
<arg>locator=//input[contains(@aria-label,'Excluir ${NOME_PRODUTO}')]</arg>
<doc>Waits until the element ``locator`` is visible.</doc>
<status status="PASS" starttime="20230901 13:46:54.968" endtime="20230901 13:46:54.986"/>
</kw>
<kw name="Click Element" library="SeleniumLibrary">
<arg>locator=//input[contains(@aria-label,'Excluir ${NOME_PRODUTO}')]</arg>
<doc>Click the element identified by ``locator``.</doc>
<msg timestamp="20230901 13:46:54.986" level="INFO">Clicking element '//input[contains(@aria-label,'Excluir Console Xbox Series S')]'.</msg>
<status status="PASS" starttime="20230901 13:46:54.986" endtime="20230901 13:46:55.055"/>
</kw>
<status status="PASS" starttime="20230901 13:46:54.968" endtime="20230901 13:46:55.055"/>
</kw>
<status status="PASS" starttime="20230901 13:46:54.968" endtime="20230901 13:46:55.055"/>
</kw>
<kw name="Então o carrinho deve ficar vazio" library="amazon_resources">
<kw name="Verificar se o carrinho fica vazio" library="amazon_resources">
<kw name="Wait Until Element Is Visible" library="SeleniumLibrary">
<arg>locator=//h1[@class='a-spacing-mini a-spacing-top-base'][contains(.,'Seu carrinho de compras da Amazon está vazio.')]</arg>
<doc>Waits until the element ``locator`` is visible.</doc>
<status status="PASS" starttime="20230901 13:46:55.056" endtime="20230901 13:46:55.696"/>
</kw>
<kw name="Capture Page Screenshot" library="SeleniumLibrary">
<doc>Takes a screenshot of the current page and embeds it into a log file.</doc>
<msg timestamp="20230901 13:46:55.839" level="INFO" html="true">&lt;/td&gt;&lt;/tr&gt;&lt;tr&gt;&lt;td colspan="3"&gt;&lt;a href="selenium-screenshot-3.png"&gt;&lt;img src="selenium-screenshot-3.png" width="800px"&gt;&lt;/a&gt;</msg>
<status status="PASS" starttime="20230901 13:46:55.696" endtime="20230901 13:46:55.840"/>
</kw>
<kw name="Log To Console" library="BuiltIn">
<arg>message=Produto Removido com sucesso</arg>
<doc>Logs the given message to the console.</doc>
<status status="PASS" starttime="20230901 13:46:55.840" endtime="20230901 13:46:55.840"/>
</kw>
<status status="PASS" starttime="20230901 13:46:55.055" endtime="20230901 13:46:55.840"/>
</kw>
<status status="PASS" starttime="20230901 13:46:55.055" endtime="20230901 13:46:55.840"/>
</kw>
<kw name="Fechar o Navegador" library="amazon_resources" type="TEARDOWN">
<kw name="Close Browser" library="SeleniumLibrary">
<doc>Closes the current browser.</doc>
<status status="PASS" starttime="20230901 13:46:55.841" endtime="20230901 13:46:58.054"/>
</kw>
<status status="PASS" starttime="20230901 13:46:55.841" endtime="20230901 13:46:58.054"/>
</kw>
<doc>Esse teste verifica a remoção de um produto no carrinho de compras</doc>
<tag>remover_carrinho</tag>
<status status="PASS" starttime="20230901 13:46:26.315" endtime="20230901 13:46:58.054"/>
</test>
<doc>Essa suite testa o site da Amazon.com.br</doc>
<status status="PASS" starttime="20230901 13:46:26.104" endtime="20230901 13:46:58.056"/>
</suite>
<statistics>
<total>
<stat pass="1" fail="0" skip="0">All Tests</stat>
</total>
<tag>
<stat pass="1" fail="0" skip="0">remover_carrinho</stat>
</tag>
<suite>
<stat pass="1" fail="0" skip="0" id="s1" name="Amazon Teste Gherkin Bdd">Amazon Teste Gherkin Bdd</stat>
</suite>
</statistics>
<errors>
<msg timestamp="20230901 13:46:26.633" level="WARN">The msedgedriver version (116.0.1938.62) detected in PATH at C:\Users\gabuw\AppData\Local\Programs\Python\Python311\Scripts\msedgedriver.exe might not be compatible with the detected edge version (116.0.1938.62); currently, msedgedriver 116.0.1938.69 is recommended for edge 116.*, so it is advised to delete the driver in PATH and retry</msg>
</errors>
</robot>
